<?xml version="1.0" encoding="UTF-8"?>
<testng-results ignored="0" total="2" passed="2" failed="0" skipped="0">
  <reporter-output>
  </reporter-output>
  <suite started-at="2021-02-25T15:57:15 ICT" name="Suite" finished-at="2021-02-25T15:57:51 ICT" duration-ms="35459">
    <groups>
    </groups>
    <test started-at="2021-02-25T15:57:15 ICT" name="RunProjectChrome" finished-at="2021-02-25T15:57:51 ICT" duration-ms="35459">
      <class name="customer.CreateCustomer">
        <test-method is-config="true" signature="setupBrowser(java.lang.String)[pri:0, instance:customer.CreateCustomer@45752059]" started-at="2021-02-25T15:57:15 ICT" name="setupBrowser" finished-at="2021-02-25T15:57:17 ICT" duration-ms="2125" status="PASS">
          <params>
            <param index="0">
              <value>
                <![CDATA[chrome]]>
              </value>
            </param>
          </params>
          <reporter-output>
          </reporter-output>
        </test-method> <!-- setupBrowser -->
        <test-method signature="TC001_Login()[pri:0, instance:customer.CreateCustomer@45752059]" started-at="2021-02-25T15:57:17 ICT" name="TC001_Login" finished-at="2021-02-25T15:57:27 ICT" duration-ms="9211" status="PASS">
          <reporter-output>
          </reporter-output>
        </test-method> <!-- TC001_Login -->
        <test-method signature="TC002_CreateNewCustomerSuccessfully()[pri:0, instance:customer.CreateCustomer@45752059]" started-at="2021-02-25T15:57:27 ICT" name="TC002_CreateNewCustomerSuccessfully" finished-at="2021-02-25T15:57:48 ICT" duration-ms="20799" status="PASS">
          <reporter-output>
          </reporter-output>
        </test-method> <!-- TC002_CreateNewCustomerSuccessfully -->
        <test-method is-config="true" signature="closeBrowser()[pri:0, instance:customer.CreateCustomer@45752059]" started-at="2021-02-25T15:57:48 ICT" name="closeBrowser" finished-at="2021-02-25T15:57:51 ICT" duration-ms="3277" status="PASS">
          <reporter-output>
          </reporter-output>
        </test-method> <!-- closeBrowser -->
      </class> <!-- customer.CreateCustomer -->
    </test> <!-- RunProjectChrome -->
  </suite> <!-- Suite -->
</testng-results>
